<?xml version="1.0" encoding="UTF-8"?>
<!-- Generated by org.testng.reporters.JUnitReportReporter -->
<testsuite hostname="Mayurs-MacBook-Pro.local" name="com.newtours.tests.Registration" tests="2" failures="0" timestamp="25 Sep 2015 04:32:05 GMT" time="1.100" errors="0">
  <testcase name="newUserRegisterTest" time="0.730" classname="com.newtours.tests.Registration"/>
  <testcase name="newUserRegiserNegativeTest" time="0.370" classname="com.newtours.tests.Registration"/>
</testsuite> <!-- com.newtours.tests.Registration -->
