<?xml version="1.0" encoding="UTF-8"?>
<!-- Generated by org.testng.reporters.JUnitReportReporter -->
<testsuite hostname="Mayurs-MacBook-Pro.local" name="Registration" tests="2" failures="0" timestamp="24 Sep 2015 06:53:23 GMT" time="0.607" errors="0">
  <testcase name="newUserRegisterTest" time="0.237" classname="Registration"/>
  <testcase name="newUserRegiserNegativeTest" time="0.370" classname="Registration"/>
</testsuite> <!-- Registration -->
